-------------------------------------------------------------------------------
Test set: examplesalexander.SubscriptionListApplicationTests
-------------------------------------------------------------------------------
Tests run: 1, Failures: 0, Errors: 1, Skipped: 0, Time elapsed: 0.68 s <<< FAILURE! - in examplesalexander.SubscriptionListApplicationTests
examplesalexander.SubscriptionListApplicationTests  Time elapsed: 0.678 s  <<< ERROR!
java.lang.IllegalStateException: Unable to find a @SpringBootConfiguration, you need to use @ContextConfiguration or @SpringBootTest(classes=...) with your test

